<?xml version="1.0" encoding="UTF-8"?>
<testsuite name="runner.Testrunnerwithparameter" time="0.008" tests="5" errors="0" skipped="0" failures="0">
  <properties>
[...]
</properties>
  <testcase name="Given Open firefox and start application" classname="| vnani@rocketmail.com | sathwika |" time="0.003"/>
  <testcase name="When I enter valid &quot;vnani@rocketmail.com&quot; and valid &quot;sathwika&quot;" classname="| vnani@rocketmail.com | sathwika |" time="0"/>
  <testcase name="Then user should able to login successfully" classname="| vnani@rocketmail.com | sathwika |" time="0.001"/>
  <testcase name="Then application should be closed" classname="| vnani@rocketmail.com | sathwika |" time="0"/>
  <testcase name="| vnani@rocketmail.com | sathwika |" classname="| vnani@rocketmail.com | sathwika |" time="0.004"/>
</testsuite>